Timestamp: 2026/03/10 23:29:57; Level: INFO; Message: Roles ensured; Meta: {"roles":["Admin","User","Owner","Employee"]}; Stack:  
Timestamp: 2026/03/10 23:31:07; Level: INFO; Message: Request: GET /api/v1/transactions?page=1&limit=10 | Status: 304 | Duration: 646ms; Meta: {"user":"69aeba814f93e2a8aaa58faa"}; Stack:  
Timestamp: 2026/03/10 23:35:38; Level: INFO; Message: Roles ensured; Meta: {"roles":["Admin","User","Owner","Employee"]}; Stack:  
Timestamp: 2026/03/10 23:41:56; Level: INFO; Message: Roles ensured; Meta: {"roles":["Admin","User","Owner","Employee"]}; Stack:  
Timestamp: 2026/03/10 23:42:11; Level: INFO; Message: Roles ensured; Meta: {"roles":["Admin","User","Owner","Employee"]}; Stack:  
Timestamp: 2026/03/10 23:44:52; Level: INFO; Message: Roles ensured; Meta: {"roles":["Admin","User","Owner","Employee"]}; Stack:  
Timestamp: 2026/03/10 23:53:41; Level: INFO; Message: Roles ensured; Meta: {"roles":["Admin","User","Owner","Employee"]}; Stack:  
Timestamp: 2026/03/11 00:07:50; Level: INFO; Message: Request: GET /api/v1/properties?limit=10&sort=-createdAt&availability=available | Status: 200 | Duration: 205ms; Meta: {}; Stack:  
Timestamp: 2026/03/11 00:07:58; Level: INFO; Message: Request: GET /api/v1/properties?limit=10&sort=-createdAt&availability=available | Status: 304 | Duration: 144ms; Meta: {}; Stack:  
Timestamp: 2026/03/11 00:08:00; Level: INFO; Message: Request: GET /api/v1/transactions/me | Status: 304 | Duration: 787ms; Meta: {"user":"69af2de096c0d107c1b277c2"}; Stack:  
Timestamp: 2026/03/11 00:08:01; Level: INFO; Message: Request: GET /api/v1/installments/me | Status: 304 | Duration: 419ms; Meta: {"user":"69af2de096c0d107c1b277c2"}; Stack:  
Timestamp: 2026/03/11 00:08:02; Level: INFO; Message: Request: GET /api/v1/payments/me | Status: 304 | Duration: 392ms; Meta: {"user":"69af2de096c0d107c1b277c2"}; Stack:  
Timestamp: 2026/03/11 00:08:02; Level: INFO; Message: Request: GET /api/v1/transactions/me | Status: 304 | Duration: 541ms; Meta: {"user":"69af2de096c0d107c1b277c2"}; Stack:  
Timestamp: 2026/03/11 00:08:03; Level: INFO; Message: Request: GET /api/v1/installments/me | Status: 304 | Duration: 412ms; Meta: {"user":"69af2de096c0d107c1b277c2"}; Stack:  
Timestamp: 2026/03/11 00:08:03; Level: INFO; Message: Request: GET /api/v1/payments/me | Status: 304 | Duration: 377ms; Meta: {"user":"69af2de096c0d107c1b277c2"}; Stack:  
Timestamp: 2026/03/11 00:08:03; Level: INFO; Message: Request: GET /api/v1/properties?limit=10&sort=-createdAt&availability=available | Status: 304 | Duration: 137ms; Meta: {}; Stack:  
Timestamp: 2026/03/11 00:08:39; Level: INFO; Message: Request: POST /api/v1/auth/login | Status: 401 | Duration: 1247ms; Meta: {}; Stack:  
Timestamp: 2026/03/11 00:09:04; Level: INFO; Message: Request: GET /api/v1/auth/login | Status: 404 | Duration: 10ms; Meta: {}; Stack:  
Timestamp: 2026/03/11 00:16:40; Level: INFO; Message: Roles ensured; Meta: {"roles":["Admin","User","Owner","Employee"]}; Stack:  
Timestamp: 2026/03/11 00:39:54; Level: INFO; Message: Roles ensured; Meta: {"roles":["Admin","User","Owner","Employee"]}; Stack:  
Timestamp: 2026/03/11 00:50:58; Level: INFO; Message: Request: GET /api/v1/transactions/me | Status: 200 | Duration: 638ms; Meta: {"user":"69a8a8dd5da62df9e2575452"}; Stack:  
Timestamp: 2026/03/11 00:50:58; Level: INFO; Message: Request: GET /api/v1/installments/me | Status: 304 | Duration: 396ms; Meta: {"user":"69a8a8dd5da62df9e2575452"}; Stack:  
Timestamp: 2026/03/11 00:50:59; Level: INFO; Message: Request: GET /api/v1/payments/me | Status: 304 | Duration: 389ms; Meta: {"user":"69a8a8dd5da62df9e2575452"}; Stack:  
Timestamp: 2026/03/11 01:24:28; Level: INFO; Message: Request: GET /api/v1/transactions/me | Status: 304 | Duration: 799ms; Meta: {"user":"69a8a8dd5da62df9e2575452"}; Stack:  
Timestamp: 2026/03/11 01:24:28; Level: INFO; Message: Request: GET /api/v1/installments/me | Status: 304 | Duration: 407ms; Meta: {"user":"69a8a8dd5da62df9e2575452"}; Stack:  
Timestamp: 2026/03/11 01:24:29; Level: INFO; Message: Request: GET /api/v1/payments/me | Status: 304 | Duration: 383ms; Meta: {"user":"69a8a8dd5da62df9e2575452"}; Stack:  
Timestamp: 2026/03/11 01:26:14; Level: INFO; Message: Request: GET /api/v1/properties?limit=10&sort=-createdAt&availability=available | Status: 200 | Duration: 611ms; Meta: {}; Stack:  
Timestamp: 2026/03/11 01:27:58; Level: INFO; Message: Request: GET /api/v1/transactions/me | Status: 304 | Duration: 528ms; Meta: {"user":"69a8a8dd5da62df9e2575452"}; Stack:  
Timestamp: 2026/03/11 01:27:58; Level: INFO; Message: Request: GET /api/v1/installments/me | Status: 304 | Duration: 404ms; Meta: {"user":"69a8a8dd5da62df9e2575452"}; Stack:  
Timestamp: 2026/03/11 01:27:59; Level: INFO; Message: Request: GET /api/v1/payments/me | Status: 304 | Duration: 433ms; Meta: {"user":"69a8a8dd5da62df9e2575452"}; Stack:  
Timestamp: 2026/03/11 01:29:16; Level: INFO; Message: Request: GET /api/v1/properties?limit=10&sort=-createdAt&availability=available | Status: 304 | Duration: 138ms; Meta: {}; Stack:  
Timestamp: 2026/03/11 01:36:12; Level: INFO; Message: Request: GET /api/v1/properties?limit=10&sort=-createdAt&availability=available | Status: 304 | Duration: 134ms; Meta: {}; Stack:  
Timestamp: 2026/03/11 01:39:36; Level: INFO; Message: Request: GET /api/v1/properties?page=1&limit=8&availability=available&sort=-createdAt | Status: 200 | Duration: 154ms; Meta: {}; Stack:  
Timestamp: 2026/03/11 01:39:39; Level: INFO; Message: Request: GET /api/v1/properties?limit=10&sort=-createdAt&availability=available | Status: 304 | Duration: 139ms; Meta: {}; Stack:  
Timestamp: 2026/03/11 01:39:45; Level: INFO; Message: Request: GET /api/v1/properties?limit=10&sort=-createdAt&availability=available | Status: 304 | Duration: 130ms; Meta: {}; Stack:  
Timestamp: 2026/03/11 01:39:49; Level: INFO; Message: Request: GET /api/v1/properties?page=1&limit=8&availability=available&sort=-createdAt | Status: 304 | Duration: 136ms; Meta: {}; Stack:  
Timestamp: 2026/03/11 01:39:54; Level: INFO; Message: Request: GET /api/v1/properties?limit=10&sort=-createdAt&availability=available | Status: 304 | Duration: 132ms; Meta: {}; Stack:  
Timestamp: 2026/03/11 01:42:39; Level: INFO; Message: Request: GET /api/v1/transactions/me | Status: 304 | Duration: 591ms; Meta: {"user":"69af2de096c0d107c1b277c2"}; Stack:  
Timestamp: 2026/03/11 01:42:40; Level: INFO; Message: Request: GET /api/v1/installments/me | Status: 304 | Duration: 405ms; Meta: {"user":"69af2de096c0d107c1b277c2"}; Stack:  
Timestamp: 2026/03/11 01:42:40; Level: INFO; Message: Request: GET /api/v1/payments/me | Status: 304 | Duration: 377ms; Meta: {"user":"69af2de096c0d107c1b277c2"}; Stack:  
Timestamp: 2026/03/11 02:00:23; Level: INFO; Message: Request: GET /api/v1/properties?limit=10&sort=-createdAt&availability=available | Status: 304 | Duration: 134ms; Meta: {}; Stack:  
Timestamp: 2026/03/11 02:00:55; Level: INFO; Message: Request: POST /api/v1/auth/login | Status: 200 | Duration: 569ms; Meta: {}; Stack:  
Timestamp: 2026/03/11 02:00:56; Level: INFO; Message: User fetched own profile; Meta: {"userId":"69aeba814f93e2a8aaa58faa"}; Stack:  
Timestamp: 2026/03/11 02:00:56; Level: ERROR; Message: Error while getting user by id; Meta: {"error":"conosle is not defined"}; Stack: ReferenceError: conosle is not defined
    at exports.getUsersById (H:\Graduation-project\Graduation-Project-backend\controllers\userControllers.js:32:5)
    at process.processTicksAndRejections (node:internal/process/task_queues:105:5)
Timestamp: 2026/03/11 02:00:56; Level: INFO; Message: Request: GET /api/v1/users/me | Status: 500 | Duration: 565ms; Meta: {"user":"69aeba814f93e2a8aaa58faa"}; Stack:  
Timestamp: 2026/03/11 02:01:19; Level: INFO; Message: Request: POST /api/v1/auth/login | Status: 200 | Duration: 354ms; Meta: {}; Stack:  
Timestamp: 2026/03/11 02:01:20; Level: INFO; Message: User fetched own profile; Meta: {"userId":"69aeba814f93e2a8aaa58faa"}; Stack:  
Timestamp: 2026/03/11 02:01:20; Level: ERROR; Message: Error while getting user by id; Meta: {"error":"conosle is not defined"}; Stack: ReferenceError: conosle is not defined
    at exports.getUsersById (H:\Graduation-project\Graduation-Project-backend\controllers\userControllers.js:32:5)
    at process.processTicksAndRejections (node:internal/process/task_queues:105:5)
Timestamp: 2026/03/11 02:01:20; Level: INFO; Message: Request: GET /api/v1/users/me | Status: 500 | Duration: 446ms; Meta: {"user":"69aeba814f93e2a8aaa58faa"}; Stack:  
Timestamp: 2026/03/11 02:12:00; Level: INFO; Message: Roles ensured; Meta: {"roles":["Admin","User","Owner","Employee"]}; Stack:  
Timestamp: 2026/03/11 02:12:07; Level: INFO; Message: Request: POST /api/v1/auth/login | Status: 200 | Duration: 1050ms; Meta: {}; Stack:  
Timestamp: 2026/03/11 02:12:08; Level: INFO; Message: User fetched own profile; Meta: {"userId":"69aeba814f93e2a8aaa58faa"}; Stack:  
Timestamp: 2026/03/11 02:12:08; Level: INFO; Message: Request: GET /api/v1/users/me | Status: 200 | Duration: 481ms; Meta: {"user":"69aeba814f93e2a8aaa58faa"}; Stack:  
Timestamp: 2026/03/11 02:12:16; Level: INFO; Message: Request: GET /api/v1/requests?limit=5&sort=-createdAt | Status: 404 | Duration: 10ms; Meta: {}; Stack:  
Timestamp: 2026/03/11 02:12:16; Level: INFO; Message: Request: GET /api/v1/properties?limit=5&sort=-createdAt | Status: 200 | Duration: 170ms; Meta: {}; Stack:  
Timestamp: 2026/03/11 02:13:03; Level: INFO; Message: Request: GET /api/v1/properties?page=1&limit=10 | Status: 200 | Duration: 165ms; Meta: {}; Stack:  
Timestamp: 2026/03/11 02:15:22; Level: INFO; Message: Request: GET /api/v1/appointments?page=1&limit=10 | Status: 200 | Duration: 430ms; Meta: {"user":"69aeba814f93e2a8aaa58faa"}; Stack:  
Timestamp: 2026/03/11 02:15:22; Level: INFO; Message: Request: GET /api/v1/properties/69b03bf1def42d0a329b89c8 | Status: 200 | Duration: 134ms; Meta: {}; Stack:  
Timestamp: 2026/03/11 02:15:22; Level: INFO; Message: Request: GET /api/v1/properties/69b01986dae8b648ffb24f3f | Status: 304 | Duration: 139ms; Meta: {}; Stack:  
Timestamp: 2026/03/11 02:15:22; Level: INFO; Message: Request: GET /api/v1/properties/69af534fb41b1c4a250db117 | Status: 200 | Duration: 144ms; Meta: {}; Stack:  
Timestamp: 2026/03/11 02:15:22; Level: INFO; Message: User fetched own profile; Meta: {"userId":"69aeba814f93e2a8aaa58faa"}; Stack:  
Timestamp: 2026/03/11 02:15:22; Level: INFO; Message: Request: GET /api/v1/users/69a8a8dd5da62df9e2575452 | Status: 200 | Duration: 398ms; Meta: {"user":"69aeba814f93e2a8aaa58faa"}; Stack:  
Timestamp: 2026/03/11 02:15:22; Level: INFO; Message: User fetched own profile; Meta: {"userId":"69aeba814f93e2a8aaa58faa"}; Stack:  
Timestamp: 2026/03/11 02:15:22; Level: INFO; Message: Request: GET /api/v1/users/69af2de096c0d107c1b277c2 | Status: 200 | Duration: 404ms; Meta: {"user":"69aeba814f93e2a8aaa58faa"}; Stack:  
Timestamp: 2026/03/11 02:15:23; Level: INFO; Message: Request: GET /api/v1/properties/69af538fb41b1c4a250db11c | Status: 304 | Duration: 1031ms; Meta: {}; Stack:  
Timestamp: 2026/03/11 02:15:32; Level: INFO; Message: Request: GET /api/v1/properties?limit=10&sort=-createdAt&availability=available | Status: 304 | Duration: 147ms; Meta: {}; Stack:  
Timestamp: 2026/03/11 02:18:39; Level: INFO; Message: Request: GET /api/v1/properties?limit=10&sort=-createdAt&availability=available | Status: 304 | Duration: 164ms; Meta: {}; Stack:  
Timestamp: 2026/03/11 02:19:38; Level: INFO; Message: Request: POST /api/v1/auth/login | Status: 401 | Duration: 277ms; Meta: {}; Stack:  
Timestamp: 2026/03/11 02:20:20; Level: INFO; Message: Request: GET /api/v1/properties?limit=10&sort=-createdAt&availability=available | Status: 304 | Duration: 151ms; Meta: {}; Stack:  
Timestamp: 2026/03/11 02:21:20; Level: INFO; Message: Request: GET /api/v1/properties?limit=3&sort=-createdAt | Status: 200 | Duration: 181ms; Meta: {}; Stack:  
Timestamp: 2026/03/11 02:23:58; Level: INFO; Message: Request: POST /api/v1/auth/login | Status: 401 | Duration: 258ms; Meta: {}; Stack:  
Timestamp: 2026/03/11 02:24:39; Level: INFO; Message: Request: POST /api/v1/auth/login | Status: 401 | Duration: 327ms; Meta: {}; Stack:  
Timestamp: 2026/03/11 02:25:00; Level: INFO; Message: Request: POST /api/v1/auth/login | Status: 401 | Duration: 379ms; Meta: {}; Stack:  
Timestamp: 2026/03/11 02:25:32; Level: INFO; Message: Request: POST /api/v1/auth/login | Status: 404 | Duration: 131ms; Meta: {}; Stack:  
Timestamp: 2026/03/11 02:25:40; Level: INFO; Message: Request: POST /api/v1/auth/login | Status: 404 | Duration: 126ms; Meta: {}; Stack:  
Timestamp: 2026/03/11 02:25:47; Level: INFO; Message: Request: POST /api/v1/auth/login | Status: 404 | Duration: 127ms; Meta: {}; Stack:  
Timestamp: 2026/03/11 02:25:52; Level: INFO; Message: Request: POST /api/v1/auth/login | Status: 200 | Duration: 359ms; Meta: {}; Stack:  
Timestamp: 2026/03/11 02:25:52; Level: INFO; Message: Request: GET /api/v1/users/me | Status: 403 | Duration: 154ms; Meta: {"user":"69a8a8dd5da62df9e2575452"}; Stack:  
Timestamp: 2026/03/11 02:28:23; Level: INFO; Message: Request: POST /api/v1/auth/login | Status: 200 | Duration: 283ms; Meta: {}; Stack:  
Timestamp: 2026/03/11 02:28:24; Level: INFO; Message: Request: GET /api/v1/users/me | Status: 403 | Duration: 160ms; Meta: {"user":"69a8a8dd5da62df9e2575452"}; Stack:  
Timestamp: 2026/03/11 02:28:31; Level: INFO; Message: Request: POST /api/v1/auth/login | Status: 200 | Duration: 292ms; Meta: {}; Stack:  
Timestamp: 2026/03/11 02:28:32; Level: INFO; Message: Request: GET /api/v1/users/me | Status: 403 | Duration: 158ms; Meta: {"user":"69a8a8dd5da62df9e2575452"}; Stack:  
Timestamp: 2026/03/11 02:29:09; Level: INFO; Message: Request: POST /api/v1/auth/login | Status: 200 | Duration: 348ms; Meta: {}; Stack:  
Timestamp: 2026/03/11 02:29:10; Level: INFO; Message: User fetched own profile; Meta: {"userId":"69aeba814f93e2a8aaa58faa"}; Stack:  
Timestamp: 2026/03/11 02:29:10; Level: INFO; Message: Request: GET /api/v1/users/me | Status: 200 | Duration: 1451ms; Meta: {"user":"69aeba814f93e2a8aaa58faa"}; Stack:  
Timestamp: 2026/03/11 02:29:14; Level: INFO; Message: Request: GET /api/v1/requests?limit=5&sort=-createdAt | Status: 404 | Duration: 483ms; Meta: {}; Stack:  
Timestamp: 2026/03/11 02:29:14; Level: INFO; Message: Request: GET /api/v1/properties?limit=5&sort=-createdAt | Status: 304 | Duration: 153ms; Meta: {}; Stack:  
Timestamp: 2026/03/11 02:29:22; Level: INFO; Message: Request: GET /api/v1/properties?limit=10&sort=-createdAt&availability=available | Status: 304 | Duration: 157ms; Meta: {}; Stack:  
Timestamp: 2026/03/11 02:29:28; Level: INFO; Message: Request: GET /api/v1/properties?limit=10&sort=-createdAt&availability=available | Status: 304 | Duration: 148ms; Meta: {}; Stack:  
Timestamp: 2026/03/11 02:29:38; Level: INFO; Message: Request: POST /api/v1/auth/login | Status: 200 | Duration: 425ms; Meta: {}; Stack:  
Timestamp: 2026/03/11 02:29:38; Level: INFO; Message: Request: GET /api/v1/users/me | Status: 403 | Duration: 179ms; Meta: {"user":"69a8a8dd5da62df9e2575452"}; Stack:  
Timestamp: 2026/03/11 02:34:10; Level: INFO; Message: Request: GET /api/v1/properties?limit=10&sort=-createdAt&availability=available | Status: 304 | Duration: 220ms; Meta: {}; Stack:  
Timestamp: 2026/03/11 02:34:51; Level: INFO; Message: Request: GET /api/v1/properties?limit=10&sort=-createdAt&availability=available | Status: 304 | Duration: 142ms; Meta: {}; Stack:  
Timestamp: 2026/03/11 02:34:57; Level: INFO; Message: Request: GET /api/v1/properties?limit=10&sort=-createdAt&availability=available | Status: 304 | Duration: 146ms; Meta: {}; Stack:  
Timestamp: 2026/03/11 02:35:07; Level: INFO; Message: Request: GET /api/v1/appointments/me | Status: 200 | Duration: 1852ms; Meta: {"user":"69a8a8dd5da62df9e2575452"}; Stack:  
Timestamp: 2026/03/11 02:35:20; Level: INFO; Message: Request: GET /api/v1/properties?limit=10&sort=-createdAt&availability=available | Status: 304 | Duration: 166ms; Meta: {}; Stack:  
Timestamp: 2026/03/11 02:35:41; Level: INFO; Message: Request: POST /api/v1/auth/login | Status: 200 | Duration: 354ms; Meta: {}; Stack:  
Timestamp: 2026/03/11 02:35:41; Level: INFO; Message: Request: GET /api/v1/users/me | Status: 403 | Duration: 130ms; Meta: {"user":"69a8a8dd5da62df9e2575452"}; Stack:  
Timestamp: 2026/03/11 02:43:13; Level: INFO; Message: Roles ensured; Meta: {"roles":["Admin","User","Owner","Employee"]}; Stack:  
Timestamp: 2026/03/11 02:43:18; Level: INFO; Message: Request: POST /api/v1/auth/login | Status: 200 | Duration: 311ms; Meta: {}; Stack:  
Timestamp: 2026/03/11 02:43:18; Level: INFO; Message: User fetched own profile; Meta: {"userId":"69a8a8dd5da62df9e2575452"}; Stack:  
Timestamp: 2026/03/11 02:43:18; Level: INFO; Message: Request: GET /api/v1/users/me | Status: 200 | Duration: 447ms; Meta: {"user":"69a8a8dd5da62df9e2575452"}; Stack:  
Timestamp: 2026/03/11 02:43:20; Level: INFO; Message: Request: GET /api/v1/properties?limit=10&sort=-createdAt&availability=available | Status: 304 | Duration: 167ms; Meta: {}; Stack:  
Timestamp: 2026/03/11 02:43:29; Level: INFO; Message: Request: GET /api/v1/properties?limit=10&sort=-createdAt&availability=available | Status: 304 | Duration: 156ms; Meta: {}; Stack:  
Timestamp: 2026/03/11 02:43:54; Level: INFO; Message: Request: POST /api/v1/auth/login | Status: 200 | Duration: 421ms; Meta: {}; Stack:  
Timestamp: 2026/03/11 02:43:54; Level: INFO; Message: User fetched own profile; Meta: {"userId":"69aeba814f93e2a8aaa58faa"}; Stack:  
Timestamp: 2026/03/11 02:43:54; Level: INFO; Message: Request: GET /api/v1/users/me | Status: 200 | Duration: 404ms; Meta: {"user":"69aeba814f93e2a8aaa58faa"}; Stack:  
Timestamp: 2026/03/11 02:43:58; Level: INFO; Message: Request: GET /api/v1/requests?limit=5&sort=-createdAt | Status: 404 | Duration: 9ms; Meta: {}; Stack:  
Timestamp: 2026/03/11 02:43:58; Level: INFO; Message: Request: GET /api/v1/properties?limit=5&sort=-createdAt | Status: 304 | Duration: 152ms; Meta: {}; Stack:  
Timestamp: 2026/03/11 02:50:15; Level: INFO; Message: Request: GET /api/v1/properties?limit=3&sort=-createdAt | Status: 304 | Duration: 145ms; Meta: {}; Stack:  
Timestamp: 2026/03/11 02:50:36; Level: INFO; Message: Request: GET /api/v1/properties?limit=10&sort=-createdAt&availability=available | Status: 304 | Duration: 134ms; Meta: {}; Stack:  
Timestamp: 2026/03/11 02:53:43; Level: INFO; Message: Request: GET /api/v1/properties?limit=10&sort=-createdAt&availability=available | Status: 304 | Duration: 138ms; Meta: {}; Stack:  
Timestamp: 2026/03/11 02:53:51; Level: INFO; Message: Request: GET /api/v1/properties?limit=10&sort=-createdAt&availability=available | Status: 304 | Duration: 139ms; Meta: {}; Stack:  
Timestamp: 2026/03/11 02:53:56; Level: INFO; Message: Request: GET /api/v1/requests?limit=5&sort=-createdAt | Status: 404 | Duration: 1331ms; Meta: {}; Stack:  
Timestamp: 2026/03/11 02:53:57; Level: INFO; Message: Request: GET /api/v1/properties?limit=5&sort=-createdAt | Status: 304 | Duration: 1880ms; Meta: {}; Stack:  
Timestamp: 2026/03/11 02:54:18; Level: INFO; Message: Request: GET /api/v1/requests?limit=5&sort=-createdAt | Status: 404 | Duration: 362ms; Meta: {}; Stack:  
Timestamp: 2026/03/11 02:54:18; Level: INFO; Message: Request: GET /api/v1/properties?limit=5&sort=-createdAt | Status: 304 | Duration: 162ms; Meta: {}; Stack:  
Timestamp: 2026/03/11 02:54:32; Level: INFO; Message: Request: GET /api/v1/properties?limit=10&sort=-createdAt&availability=available | Status: 304 | Duration: 166ms; Meta: {}; Stack:  
Timestamp: 2026/03/11 02:56:09; Level: INFO; Message: Request: GET /api/v1/properties?limit=10&sort=-createdAt&availability=available | Status: 304 | Duration: 135ms; Meta: {}; Stack:  
Timestamp: 2026/03/11 02:56:32; Level: INFO; Message: Request: GET /api/v1/properties?limit=10&sort=-createdAt&availability=available | Status: 304 | Duration: 149ms; Meta: {}; Stack:  
Timestamp: 2026/03/11 02:58:31; Level: INFO; Message: Request: GET /api/v1/properties?limit=10&sort=-createdAt&availability=available | Status: 304 | Duration: 187ms; Meta: {}; Stack:  
Timestamp: 2026/03/11 03:00:31; Level: INFO; Message: Request: GET /api/v1/properties?limit=10&sort=-createdAt&availability=available | Status: 304 | Duration: 144ms; Meta: {}; Stack:  
Timestamp: 2026/03/11 03:00:46; Level: INFO; Message: Request: GET /api/v1/properties?limit=10&sort=-createdAt&availability=available | Status: 304 | Duration: 130ms; Meta: {}; Stack:  
Timestamp: 2026/03/11 03:01:06; Level: INFO; Message: Request: GET /api/v1/properties?limit=10&sort=-createdAt&availability=available | Status: 304 | Duration: 129ms; Meta: {}; Stack:  
Timestamp: 2026/03/11 03:01:08; Level: INFO; Message: Request: GET /api/v1/properties?limit=10&sort=-createdAt&availability=available | Status: 304 | Duration: 129ms; Meta: {}; Stack:  
Timestamp: 2026/03/11 03:01:33; Level: INFO; Message: Request: GET /api/v1/properties?limit=10&sort=-createdAt&availability=available | Status: 304 | Duration: 147ms; Meta: {}; Stack:  
Timestamp: 2026/03/11 03:01:39; Level: INFO; Message: Request: GET /api/v1/properties?limit=10&sort=-createdAt&availability=available | Status: 304 | Duration: 132ms; Meta: {}; Stack:  
Timestamp: 2026/03/11 03:02:01; Level: INFO; Message: Request: GET /api/v1/properties?limit=10&sort=-createdAt&availability=available | Status: 304 | Duration: 135ms; Meta: {}; Stack:  
Timestamp: 2026/03/11 03:02:15; Level: INFO; Message: Request: GET /api/v1/properties?limit=10&sort=-createdAt&availability=available | Status: 304 | Duration: 153ms; Meta: {}; Stack:  
Timestamp: 2026/03/11 03:02:46; Level: INFO; Message: Request: GET /api/v1/properties?limit=10&sort=-createdAt&availability=available | Status: 304 | Duration: 137ms; Meta: {}; Stack:  
Timestamp: 2026/03/11 03:02:58; Level: INFO; Message: Request: GET /api/v1/properties?limit=10&sort=-createdAt&availability=available | Status: 304 | Duration: 132ms; Meta: {}; Stack:  
Timestamp: 2026/03/11 03:03:09; Level: INFO; Message: Request: GET /api/v1/properties?limit=10&sort=-createdAt&availability=available | Status: 304 | Duration: 130ms; Meta: {}; Stack:  
Timestamp: 2026/03/13 01:00:28; Level: INFO; Message: Roles ensured; Meta: {"roles":["Admin","User","Owner","Employee"]}; Stack:  
Timestamp: 2026/03/13 01:01:16; Level: INFO; Message: Request: POST /api/v1/auth/login | Status: 200 | Duration: 491ms; Meta: {}; Stack:  
Timestamp: 2026/03/13 01:01:17; Level: INFO; Message: User fetched own profile; Meta: {"userId":"69aeba814f93e2a8aaa58faa"}; Stack:  
Timestamp: 2026/03/13 01:01:17; Level: INFO; Message: Request: GET /api/v1/users/me | Status: 200 | Duration: 880ms; Meta: {"user":"69aeba814f93e2a8aaa58faa"}; Stack:  
Timestamp: 2026/03/13 01:01:19; Level: INFO; Message: Request: GET /api/v1/requests?limit=5&sort=-createdAt | Status: 404 | Duration: 7ms; Meta: {}; Stack:  
Timestamp: 2026/03/13 01:01:19; Level: INFO; Message: Request: GET /api/v1/properties?limit=5&sort=-createdAt | Status: 304 | Duration: 387ms; Meta: {}; Stack:  
Timestamp: 2026/03/13 01:01:24; Level: INFO; Message: Request: GET /api/v1/employees?page=1&limit=10&search= | Status: 200 | Duration: 983ms; Meta: {"user":"69aeba814f93e2a8aaa58faa"}; Stack:  
Timestamp: 2026/03/13 01:01:28; Level: INFO; Message: Request: GET /api/v1/employees/69af5025b41b1c4a250db0c2 | Status: 200 | Duration: 546ms; Meta: {"user":"69aeba814f93e2a8aaa58faa"}; Stack:  
Timestamp: 2026/03/13 01:01:28; Level: INFO; Message: Request: GET /api/v1/tasks-to-employees?employeeId=69af5025b41b1c4a250db0c2 | Status: 200 | Duration: 586ms; Meta: {"user":"69aeba814f93e2a8aaa58faa"}; Stack:  
Timestamp: 2026/03/13 01:01:29; Level: INFO; Message: Request: GET /api/v1/transactions?employeeId=69af5025b41b1c4a250db0c2 | Status: 200 | Duration: 2014ms; Meta: {"user":"69aeba814f93e2a8aaa58faa"}; Stack:  
Timestamp: 2026/03/13 01:01:30; Level: INFO; Message: Request: GET /api/v1/installments | Status: 200 | Duration: 373ms; Meta: {"user":"69aeba814f93e2a8aaa58faa"}; Stack:  
Timestamp: 2026/03/13 01:01:36; Level: INFO; Message: Employee updated; Meta: {"employeeId":"69af5025b41b1c4a250db0c2"}; Stack:  
Timestamp: 2026/03/13 01:01:36; Level: INFO; Message: Request: PATCH /api/v1/employees/69af5025b41b1c4a250db0c2 | Status: 200 | Duration: 343ms; Meta: {"user":"69aeba814f93e2a8aaa58faa"}; Stack:  
Timestamp: 2026/03/13 01:01:36; Level: INFO; Message: Request: GET /api/v1/employees?page=1&limit=10&search= | Status: 200 | Duration: 652ms; Meta: {"user":"69aeba814f93e2a8aaa58faa"}; Stack:  
Timestamp: 2026/03/13 01:01:40; Level: INFO; Message: Request: GET /api/v1/employees/69af5025b41b1c4a250db0c2 | Status: 200 | Duration: 416ms; Meta: {"user":"69aeba814f93e2a8aaa58faa"}; Stack:  
Timestamp: 2026/03/13 01:01:40; Level: INFO; Message: Request: GET /api/v1/tasks-to-employees?employeeId=69af5025b41b1c4a250db0c2 | Status: 200 | Duration: 431ms; Meta: {"user":"69aeba814f93e2a8aaa58faa"}; Stack:  
Timestamp: 2026/03/13 01:01:40; Level: INFO; Message: Request: GET /api/v1/transactions?employeeId=69af5025b41b1c4a250db0c2 | Status: 200 | Duration: 555ms; Meta: {"user":"69aeba814f93e2a8aaa58faa"}; Stack:  
Timestamp: 2026/03/13 01:01:41; Level: INFO; Message: Request: GET /api/v1/installments | Status: 304 | Duration: 283ms; Meta: {"user":"69aeba814f93e2a8aaa58faa"}; Stack:  
Timestamp: 2026/03/13 01:10:01; Level: INFO; Message: Request: GET /api/v1/transactions?employeeId=69b280da6a223eded79aa3d8 | Status: 200 | Duration: 388ms; Meta: {"user":"69aeba814f93e2a8aaa58faa"}; Stack:  
Timestamp: 2026/03/13 01:10:01; Level: INFO; Message: Request: GET /api/v1/tasks-to-employees?employeeId=69b280da6a223eded79aa3d8 | Status: 200 | Duration: 392ms; Meta: {"user":"69aeba814f93e2a8aaa58faa"}; Stack:  
Timestamp: 2026/03/13 01:10:01; Level: INFO; Message: Request: GET /api/v1/employees/69b280da6a223eded79aa3d8 | Status: 200 | Duration: 540ms; Meta: {"user":"69aeba814f93e2a8aaa58faa"}; Stack:  
Timestamp: 2026/03/13 01:10:01; Level: INFO; Message: Request: GET /api/v1/installments | Status: 304 | Duration: 377ms; Meta: {"user":"69aeba814f93e2a8aaa58faa"}; Stack:  
Timestamp: 2026/03/13 01:13:43; Level: INFO; Message: Request: GET /api/v1/transactions?employeeId=69b280da6a223eded79aa3d8 | Status: 304 | Duration: 307ms; Meta: {"user":"69aeba814f93e2a8aaa58faa"}; Stack:  
Timestamp: 2026/03/13 01:13:43; Level: INFO; Message: Request: GET /api/v1/tasks-to-employees?employeeId=69b280da6a223eded79aa3d8 | Status: 304 | Duration: 320ms; Meta: {"user":"69aeba814f93e2a8aaa58faa"}; Stack:  
Timestamp: 2026/03/13 01:13:44; Level: INFO; Message: Request: GET /api/v1/employees/69b280da6a223eded79aa3d8 | Status: 304 | Duration: 432ms; Meta: {"user":"69aeba814f93e2a8aaa58faa"}; Stack:  
Timestamp: 2026/03/13 01:13:44; Level: INFO; Message: Request: GET /api/v1/installments | Status: 304 | Duration: 311ms; Meta: {"user":"69aeba814f93e2a8aaa58faa"}; Stack:  
Timestamp: 2026/03/13 01:14:12; Level: INFO; Message: Employee updated; Meta: {"employeeId":"69b280da6a223eded79aa3d8"}; Stack:  
Timestamp: 2026/03/13 01:14:12; Level: INFO; Message: Request: PATCH /api/v1/employees/69b280da6a223eded79aa3d8 | Status: 200 | Duration: 301ms; Meta: {"user":"69aeba814f93e2a8aaa58faa"}; Stack:  
Timestamp: 2026/03/13 01:14:13; Level: INFO; Message: Request: GET /api/v1/employees?page=1&limit=10&search= | Status: 200 | Duration: 420ms; Meta: {"user":"69aeba814f93e2a8aaa58faa"}; Stack:  
Timestamp: 2026/03/13 01:14:25; Level: INFO; Message: Request: GET /api/v1/transactions?page=1&limit=10 | Status: 200 | Duration: 551ms; Meta: {"user":"69aeba814f93e2a8aaa58faa"}; Stack:  
Timestamp: 2026/03/13 01:14:42; Level: INFO; Message: Request: GET /api/v1/properties?limit=200 | Status: 200 | Duration: 865ms; Meta: {}; Stack:  
Timestamp: 2026/03/13 01:14:42; Level: INFO; Message: Admin fetched all users; Meta: {"adminId":"69aeba814f93e2a8aaa58faa","count":7}; Stack:  
Timestamp: 2026/03/13 01:14:42; Level: INFO; Message: Request: GET /api/v1/users/byAdmin?limit=200 | Status: 200 | Duration: 1032ms; Meta: {"user":"69aeba814f93e2a8aaa58faa"}; Stack:  
Timestamp: 2026/03/13 01:14:43; Level: INFO; Message: Request: GET /api/v1/employees?limit=200 | Status: 200 | Duration: 1057ms; Meta: {"user":"69aeba814f93e2a8aaa58faa"}; Stack:  
Timestamp: 2026/03/13 01:15:32; Level: INFO; Message: Transaction created; Meta: {"transactionId":"69b34913b940586aba56649a","propertyId":"69b01986dae8b648ffb24f3f","customerId":"69af2969a3829d2c75608828","employeeId":"69b280da6a223eded79aa3d8"}; Stack:  
Timestamp: 2026/03/13 01:15:32; Level: INFO; Message: Request: POST /api/v1/transactions | Status: 201 | Duration: 1053ms; Meta: {"user":"69aeba814f93e2a8aaa58faa"}; Stack:  
Timestamp: 2026/03/13 01:15:32; Level: INFO; Message: Request: GET /api/v1/transactions?page=1&limit=10 | Status: 200 | Duration: 559ms; Meta: {"user":"69aeba814f93e2a8aaa58faa"}; Stack:  
Timestamp: 2026/03/13 01:15:37; Level: INFO; Message: Request: GET /api/v1/installments?transactionId=69b34913b940586aba56649a&limit=100 | Status: 200 | Duration: 405ms; Meta: {"user":"69aeba814f93e2a8aaa58faa"}; Stack:  
Timestamp: 2026/03/13 01:15:40; Level: INFO; Message: Request: GET /api/v1/employees?page=1&limit=10&search= | Status: 304 | Duration: 404ms; Meta: {"user":"69aeba814f93e2a8aaa58faa"}; Stack:  
Timestamp: 2026/03/13 01:15:42; Level: INFO; Message: Request: GET /api/v1/tasks-to-employees?employeeId=69b280da6a223eded79aa3d8 | Status: 304 | Duration: 260ms; Meta: {"user":"69aeba814f93e2a8aaa58faa"}; Stack:  
Timestamp: 2026/03/13 01:15:42; Level: INFO; Message: Request: GET /api/v1/employees/69b280da6a223eded79aa3d8 | Status: 200 | Duration: 416ms; Meta: {"user":"69aeba814f93e2a8aaa58faa"}; Stack:  
Timestamp: 2026/03/13 01:15:43; Level: INFO; Message: Request: GET /api/v1/transactions?employeeId=69b280da6a223eded79aa3d8 | Status: 200 | Duration: 549ms; Meta: {"user":"69aeba814f93e2a8aaa58faa"}; Stack:  
Timestamp: 2026/03/13 01:15:43; Level: INFO; Message: Request: GET /api/v1/installments | Status: 304 | Duration: 283ms; Meta: {"user":"69aeba814f93e2a8aaa58faa"}; Stack:  
Timestamp: 2026/03/13 01:15:48; Level: INFO; Message: Employee updated; Meta: {"employeeId":"69b280da6a223eded79aa3d8"}; Stack:  
Timestamp: 2026/03/13 01:15:48; Level: INFO; Message: Request: PATCH /api/v1/employees/69b280da6a223eded79aa3d8 | Status: 200 | Duration: 277ms; Meta: {"user":"69aeba814f93e2a8aaa58faa"}; Stack:  
Timestamp: 2026/03/13 01:15:49; Level: INFO; Message: Request: GET /api/v1/employees?page=1&limit=10&search= | Status: 200 | Duration: 423ms; Meta: {"user":"69aeba814f93e2a8aaa58faa"}; Stack:  
Timestamp: 2026/03/13 01:15:52; Level: INFO; Message: Request: GET /api/v1/tasks-to-employees?employeeId=69b280da6a223eded79aa3d8 | Status: 304 | Duration: 268ms; Meta: {"user":"69aeba814f93e2a8aaa58faa"}; Stack:  
Timestamp: 2026/03/13 01:15:52; Level: INFO; Message: Request: GET /api/v1/employees/69b280da6a223eded79aa3d8 | Status: 200 | Duration: 404ms; Meta: {"user":"69aeba814f93e2a8aaa58faa"}; Stack:  
Timestamp: 2026/03/13 01:15:52; Level: INFO; Message: Request: GET /api/v1/transactions?employeeId=69b280da6a223eded79aa3d8 | Status: 200 | Duration: 556ms; Meta: {"user":"69aeba814f93e2a8aaa58faa"}; Stack:  
Timestamp: 2026/03/13 01:15:53; Level: INFO; Message: Request: GET /api/v1/installments | Status: 304 | Duration: 284ms; Meta: {"user":"69aeba814f93e2a8aaa58faa"}; Stack:  
Timestamp: 2026/03/13 01:19:17; Level: INFO; Message: Request: GET /api/v1/installments?limit=500 | Status: 200 | Duration: 299ms; Meta: {"user":"69aeba814f93e2a8aaa58faa"}; Stack:  
Timestamp: 2026/03/13 01:19:17; Level: INFO; Message: Request: GET /api/v1/payments?limit=500 | Status: 200 | Duration: 334ms; Meta: {"user":"69aeba814f93e2a8aaa58faa"}; Stack:  
Timestamp: 2026/03/13 01:19:17; Level: INFO; Message: Request: GET /api/v1/transactions?limit=500 | Status: 200 | Duration: 608ms; Meta: {"user":"69aeba814f93e2a8aaa58faa"}; Stack:  
Timestamp: 2026/03/13 01:20:15; Level: INFO; Message: Request: GET /api/v1/properties?limit=500 | Status: 304 | Duration: 141ms; Meta: {}; Stack:  
Timestamp: 2026/03/13 01:20:15; Level: INFO; Message: Request: GET /api/v1/payments?limit=500 | Status: 304 | Duration: 287ms; Meta: {"user":"69aeba814f93e2a8aaa58faa"}; Stack:  
Timestamp: 2026/03/13 01:20:16; Level: INFO; Message: Request: GET /api/v1/transactions?limit=500 | Status: 304 | Duration: 541ms; Meta: {"user":"69aeba814f93e2a8aaa58faa"}; Stack:  
Timestamp: 2026/03/13 01:21:03; Level: INFO; Message: Request: GET /api/v1/installments?limit=500 | Status: 304 | Duration: 289ms; Meta: {"user":"69aeba814f93e2a8aaa58faa"}; Stack:  
Timestamp: 2026/03/13 01:21:03; Level: INFO; Message: Request: GET /api/v1/payments?limit=500 | Status: 304 | Duration: 302ms; Meta: {"user":"69aeba814f93e2a8aaa58faa"}; Stack:  
Timestamp: 2026/03/13 01:21:04; Level: INFO; Message: Request: GET /api/v1/transactions?limit=500 | Status: 304 | Duration: 564ms; Meta: {"user":"69aeba814f93e2a8aaa58faa"}; Stack:  
Timestamp: 2026/03/13 01:21:38; Level: INFO; Message: Request: GET /api/v1/properties?limit=500 | Status: 304 | Duration: 151ms; Meta: {}; Stack:  
Timestamp: 2026/03/13 01:21:38; Level: INFO; Message: Request: GET /api/v1/payments?limit=500 | Status: 304 | Duration: 297ms; Meta: {"user":"69aeba814f93e2a8aaa58faa"}; Stack:  
Timestamp: 2026/03/13 01:21:38; Level: INFO; Message: Request: GET /api/v1/transactions?limit=500 | Status: 304 | Duration: 602ms; Meta: {"user":"69aeba814f93e2a8aaa58faa"}; Stack:  
Timestamp: 2026/03/13 01:31:55; Level: INFO; Message: Roles ensured; Meta: {"roles":["Admin","User","Owner","Employee"]}; Stack:  
Timestamp: 2026/03/13 01:36:09; Level: INFO; Message: Request: GET /api/v1/properties?limit=10&sort=-createdAt&availability=available | Status: 200 | Duration: 375ms; Meta: {}; Stack:  
Timestamp: 2026/03/13 01:36:15; Level: INFO; Message: Request: GET /api/v1/properties?limit=500 | Status: 304 | Duration: 189ms; Meta: {}; Stack:  
Timestamp: 2026/03/13 01:36:15; Level: INFO; Message: Request: GET /api/v1/payments?limit=500 | Status: 304 | Duration: 294ms; Meta: {"user":"69aeba814f93e2a8aaa58faa"}; Stack:  
Timestamp: 2026/03/13 01:36:15; Level: INFO; Message: Request: GET /api/v1/transactions?limit=500 | Status: 304 | Duration: 703ms; Meta: {"user":"69aeba814f93e2a8aaa58faa"}; Stack:  
Timestamp: 2026/03/13 01:36:15; Level: INFO; Message: Request: GET /api/v1/properties?limit=500 | Status: 304 | Duration: 168ms; Meta: {}; Stack:  
Timestamp: 2026/03/13 01:36:15; Level: INFO; Message: Request: GET /api/v1/payments?limit=500 | Status: 304 | Duration: 294ms; Meta: {"user":"69aeba814f93e2a8aaa58faa"}; Stack:  
Timestamp: 2026/03/13 01:36:16; Level: INFO; Message: Request: GET /api/v1/transactions?limit=500 | Status: 304 | Duration: 583ms; Meta: {"user":"69aeba814f93e2a8aaa58faa"}; Stack:  
Timestamp: 2026/03/13 01:37:00; Level: INFO; Message: Request: GET /api/v1/properties?limit=10&sort=-createdAt&availability=available | Status: 304 | Duration: 164ms; Meta: {}; Stack:  
Timestamp: 2026/03/13 01:37:47; Level: INFO; Message: Request: GET /api/v1/properties?limit=10&sort=-createdAt&availability=available | Status: 304 | Duration: 220ms; Meta: {}; Stack:  
Timestamp: 2026/03/13 01:37:56; Level: INFO; Message: Request: GET /api/v1/properties?limit=10&sort=-createdAt&availability=available | Status: 304 | Duration: 177ms; Meta: {}; Stack:  
Timestamp: 2026/03/13 01:38:29; Level: INFO; Message: Request: GET /api/v1/favorites/popular?limit=20 | Status: 200 | Duration: 165ms; Meta: {}; Stack:  
Timestamp: 2026/03/13 01:38:29; Level: INFO; Message: Request: GET /api/v1/favorites/long-standing?days=30 | Status: 200 | Duration: 315ms; Meta: {"user":"69aeba814f93e2a8aaa58faa"}; Stack:  
Timestamp: 2026/03/13 01:41:21; Level: INFO; Message: Request: GET /api/v1/favorites/popular?limit=20 | Status: 304 | Duration: 141ms; Meta: {}; Stack:  
Timestamp: 2026/03/13 01:41:21; Level: INFO; Message: Request: GET /api/v1/favorites/long-standing?days=30 | Status: 304 | Duration: 278ms; Meta: {"user":"69aeba814f93e2a8aaa58faa"}; Stack:  
Timestamp: 2026/03/13 01:41:28; Level: INFO; Message: Request: GET /api/v1/favorites/popular?limit=20 | Status: 304 | Duration: 159ms; Meta: {}; Stack:  
Timestamp: 2026/03/13 01:41:28; Level: INFO; Message: Request: GET /api/v1/favorites/long-standing?days=30 | Status: 304 | Duration: 286ms; Meta: {"user":"69aeba814f93e2a8aaa58faa"}; Stack:  
Timestamp: 2026/03/13 01:41:39; Level: INFO; Message: Request: GET /api/v1/favorites/popular?limit=20 | Status: 304 | Duration: 154ms; Meta: {}; Stack:  
Timestamp: 2026/03/13 01:41:39; Level: INFO; Message: Request: GET /api/v1/favorites/long-standing?days=30 | Status: 304 | Duration: 314ms; Meta: {"user":"69aeba814f93e2a8aaa58faa"}; Stack:  
Timestamp: 2026/03/13 01:42:07; Level: INFO; Message: Request: GET /api/v1/properties?limit=10&sort=-createdAt&availability=available | Status: 304 | Duration: 171ms; Meta: {}; Stack:  
Timestamp: 2026/03/13 01:42:08; Level: INFO; Message: Request: GET /api/v1/properties?limit=10&sort=-createdAt&availability=available | Status: 304 | Duration: 191ms; Meta: {}; Stack:  
Timestamp: 2026/03/13 01:42:09; Level: INFO; Message: Request: GET /api/v1/favorites/popular?limit=20 | Status: 304 | Duration: 154ms; Meta: {}; Stack:  
Timestamp: 2026/03/13 01:42:09; Level: INFO; Message: Request: GET /api/v1/favorites/long-standing?days=30 | Status: 304 | Duration: 362ms; Meta: {"user":"69aeba814f93e2a8aaa58faa"}; Stack:  
Timestamp: 2026/03/13 01:42:11; Level: INFO; Message: Request: GET /api/v1/properties?limit=10&sort=-createdAt&availability=available | Status: 304 | Duration: 160ms; Meta: {}; Stack:  
Timestamp: 2026/03/13 01:42:13; Level: INFO; Message: Request: GET /api/v1/favorites/popular?limit=20 | Status: 304 | Duration: 157ms; Meta: {}; Stack:  
Timestamp: 2026/03/13 01:42:14; Level: INFO; Message: Request: GET /api/v1/favorites/long-standing?days=30 | Status: 304 | Duration: 416ms; Meta: {"user":"69aeba814f93e2a8aaa58faa"}; Stack:  
Timestamp: 2026/03/13 01:42:15; Level: INFO; Message: Request: GET /api/v1/favorites/popular?limit=20 | Status: 304 | Duration: 151ms; Meta: {}; Stack:  
Timestamp: 2026/03/13 01:42:16; Level: INFO; Message: Request: GET /api/v1/favorites/long-standing?days=30 | Status: 304 | Duration: 283ms; Meta: {"user":"69aeba814f93e2a8aaa58faa"}; Stack:  
Timestamp: 2026/03/13 01:42:16; Level: INFO; Message: Request: GET /api/v1/properties?limit=10&sort=-createdAt&availability=available | Status: 304 | Duration: 172ms; Meta: {}; Stack:  
Timestamp: 2026/03/13 01:42:16; Level: INFO; Message: Request: GET /api/v1/properties?limit=10&sort=-createdAt&availability=available | Status: 304 | Duration: 147ms; Meta: {}; Stack:  
Timestamp: 2026/03/13 01:42:17; Level: INFO; Message: Request: GET /api/v1/properties?limit=10&sort=-createdAt&availability=available | Status: 304 | Duration: 175ms; Meta: {}; Stack:  
Timestamp: 2026/03/13 01:42:18; Level: INFO; Message: Request: GET /api/v1/favorites/popular?limit=20 | Status: 304 | Duration: 186ms; Meta: {}; Stack:  
Timestamp: 2026/03/13 01:42:18; Level: INFO; Message: Request: GET /api/v1/favorites/long-standing?days=30 | Status: 304 | Duration: 434ms; Meta: {"user":"69aeba814f93e2a8aaa58faa"}; Stack:  
Timestamp: 2026/03/13 01:42:21; Level: INFO; Message: Request: GET /api/v1/favorites/popular?limit=20 | Status: 304 | Duration: 152ms; Meta: {}; Stack:  
Timestamp: 2026/03/13 01:42:22; Level: INFO; Message: Request: GET /api/v1/favorites/long-standing?days=30 | Status: 304 | Duration: 442ms; Meta: {"user":"69aeba814f93e2a8aaa58faa"}; Stack:  
Timestamp: 2026/03/13 01:42:24; Level: INFO; Message: Request: GET /api/v1/properties?limit=10&sort=-createdAt&availability=available | Status: 304 | Duration: 145ms; Meta: {}; Stack:  
Timestamp: 2026/03/13 01:42:26; Level: INFO; Message: Request: GET /api/v1/favorites/popular?limit=20 | Status: 304 | Duration: 278ms; Meta: {}; Stack:  
Timestamp: 2026/03/13 01:42:26; Level: INFO; Message: Request: GET /api/v1/favorites/long-standing?days=30 | Status: 304 | Duration: 537ms; Meta: {"user":"69aeba814f93e2a8aaa58faa"}; Stack:  
Timestamp: 2026/03/13 01:42:26; Level: INFO; Message: Request: GET /api/v1/favorites/popular?limit=20 | Status: 304 | Duration: 393ms; Meta: {}; Stack:  
Timestamp: 2026/03/13 01:42:27; Level: INFO; Message: Request: GET /api/v1/favorites/long-standing?days=30 | Status: 304 | Duration: 323ms; Meta: {"user":"69aeba814f93e2a8aaa58faa"}; Stack:  
Timestamp: 2026/03/13 01:42:27; Level: INFO; Message: Request: GET /api/v1/favorites/popular?limit=20 | Status: 304 | Duration: 167ms; Meta: {}; Stack:  
Timestamp: 2026/03/13 01:42:27; Level: INFO; Message: Request: GET /api/v1/favorites/popular?limit=20 | Status: 304 | Duration: 148ms; Meta: {}; Stack:  
Timestamp: 2026/03/13 01:42:28; Level: INFO; Message: Request: GET /api/v1/favorites/long-standing?days=30 | Status: 304 | Duration: 320ms; Meta: {"user":"69aeba814f93e2a8aaa58faa"}; Stack:  
Timestamp: 2026/03/13 01:42:28; Level: INFO; Message: Request: GET /api/v1/favorites/popular?limit=20 | Status: 304 | Duration: 152ms; Meta: {}; Stack:  
Timestamp: 2026/03/13 01:42:28; Level: INFO; Message: Request: GET /api/v1/favorites/long-standing?days=30 | Status: 304 | Duration: 375ms; Meta: {"user":"69aeba814f93e2a8aaa58faa"}; Stack:  
Timestamp: 2026/03/13 01:42:28; Level: INFO; Message: Request: GET /api/v1/favorites/long-standing?days=30 | Status: 304 | Duration: 359ms; Meta: {"user":"69aeba814f93e2a8aaa58faa"}; Stack:  
Timestamp: 2026/03/13 01:42:42; Level: INFO; Message: Request: GET /api/v1/favorites/popular?limit=20 | Status: 304 | Duration: 140ms; Meta: {}; Stack:  
Timestamp: 2026/03/13 01:42:42; Level: INFO; Message: Request: GET /api/v1/favorites/long-standing?days=30 | Status: 304 | Duration: 327ms; Meta: {"user":"69aeba814f93e2a8aaa58faa"}; Stack:  
Timestamp: 2026/03/13 01:43:08; Level: INFO; Message: Request: GET /api/v1/properties?limit=10&sort=-createdAt&availability=available | Status: 304 | Duration: 164ms; Meta: {}; Stack:  
Timestamp: 2026/03/13 01:43:14; Level: INFO; Message: Request: GET /api/v1/favorites/popular?limit=20 | Status: 304 | Duration: 156ms; Meta: {}; Stack:  
Timestamp: 2026/03/13 01:43:14; Level: INFO; Message: Request: GET /api/v1/properties?limit=10&sort=-createdAt&availability=available | Status: 304 | Duration: 154ms; Meta: {}; Stack:  
Timestamp: 2026/03/13 01:43:15; Level: INFO; Message: Request: GET /api/v1/favorites/long-standing?days=30 | Status: 304 | Duration: 336ms; Meta: {"user":"69aeba814f93e2a8aaa58faa"}; Stack:  
Timestamp: 2026/03/13 01:43:25; Level: INFO; Message: Request: GET /api/v1/properties?limit=10&sort=-createdAt&availability=available | Status: 304 | Duration: 159ms; Meta: {}; Stack:  
